Trace count: 3

 Error detected:
  (<0>,1)
    (<0/0>,1) UPDATE
  (<0>,5)
      (<0/1>,1) UPDATE
  (<0>,6)
        (<0/2>,1) UPDATE
  (<0>,7)
          (<0/3>,1) UPDATE
  (<0>,10)
            (<0/4>,1) UPDATE
  (<0>,13)
              (<0/5>,1) UPDATE
  (<0>,16)
                (<0/6>,1) UPDATE
  (<0>,19)
                  (<0/7>,1) UPDATE
  (<0>,24)
  (<0>,26)
  (<0>,27)
  (<0>,29)
  (<0>,32)
                    (<0/8>,1) UPDATE
  (<0>,34)
  (<0>,35)
  (<0>,42)
  (<0>,45)
                      (<0.0>,1)
                        (<0.0/0>,1) UPDATE
                      (<0.0>,5)
                          (<0.0/1>,1) UPDATE
                      (<0.0>,7)
                            (<0.0/2>,1) UPDATE
                      (<0.0>,12)
                              (<0.0/3>,1) UPDATE
                      (<0.0>,13)
                      (<0.0>,14)
                      (<0.0>,16)
                      (<0.0>,18)
                                (<0.0/4>,1) UPDATE
                      (<0.0>,22)
                      (<0.0>,24)
                                  (<0.0/5>,1) UPDATE
                      (<0.0>,27)
                      (<0.0>,29)
                      (<0.0>,32)
                      (<0.0>,34)
                                    (<0.0/6>,1) UPDATE
                      (<0.0>,37)
                      (<0.0>,41)
                                      (<0.0/7>,1) UPDATE
                      (<0.0>,43)
                                        (<0.0/8>,1) UPDATE
                      (<0.0>,47)
                      (<0.0>,49)
                      (<0.0>,50)
                      (<0.0>,52)
                                          (<0.0/9>,1) UPDATE
                      (<0.0>,56)
                      (<0.0>,57)
                      (<0.0>,61)
                                            (<0.0/10>,1) UPDATE
                      (<0.0>,63)
                      (<0.0>,64)
                      (<0.0>,67)
                      (<0.0>,68)
                          (<0.0/1>,2) UPDATE
                      (<0.0>,72)
                                              (<0.0/11>,1) UPDATE
                      (<0.0>,77)
                                                (<0.0/12>,1) UPDATE
                      (<0.0>,78)
                      (<0.0>,79)
                      (<0.0>,81)
                      (<0.0>,83)
                                                  (<0.0/13>,1) UPDATE
                      (<0.0>,87)
                      (<0.0>,89)
                                  (<0.0/5>,2) UPDATE
                      (<0.0>,92)
                      (<0.0>,94)
                      (<0.0>,97)
                      (<0.0>,99)
                                    (<0.0/6>,2) UPDATE
                      (<0.0>,102)
                      (<0.0>,104)
                      (<0.0>,105)
                                                    (<0.0/14>,1) UPDATE
                      (<0.0>,110)
                                                      (<0.0/15>,1) UPDATE
                      (<0.0>,111)
                                                        (<0.0/16>,1) UPDATE
                      (<0.0>,112)
                      (<0.0>,113)
                      (<0.0>,115)
                                            (<0.0/10>,2) UPDATE
                      (<0.0>,118)
                      (<0.0>,119)
                      (<0.0>,122)
                      (<0.0>,123)
                      (<0.0>,126)
                      (<0.0>,128)
                                            (<0.0/10>,3) UPDATE
                      (<0.0>,131)
                      (<0.0>,132)
                      (<0.0>,135)
                      (<0.0>,136)
                      (<0.0>,139)
                      (<0.0>,141)
                                            (<0.0/10>,4) UPDATE
                      (<0.0>,144)
                      (<0.0>,145)
                      (<0.0>,148)
                      (<0.0>,149)
                      (<0.0>,152)
                      (<0.0>,154)
                                            (<0.0/10>,5) UPDATE
                      (<0.0>,157)
                      (<0.0>,158)
                      (<0.0>,161)
                      (<0.0>,162)
                      (<0.0>,165)
                      (<0.0>,167)
                                            (<0.0/10>,6) UPDATE
                      (<0.0>,170)
                      (<0.0>,171)
                      (<0.0>,174)
                      (<0.0>,175)
                      (<0.0>,178)
                      (<0.0>,180)
                                            (<0.0/10>,7) UPDATE
                      (<0.0>,183)
                      (<0.0>,184)
                      (<0.0>,187)
                      (<0.0>,188)
                      (<0.0>,191)
                      (<0.0>,193)
                                            (<0.0/10>,8) UPDATE
                      (<0.0>,196)
                      (<0.0>,197)
                      (<0.0>,200)
                      (<0.0>,201)
                      (<0.0>,204)
                      (<0.0>,206)
                                            (<0.0/10>,9) UPDATE
                      (<0.0>,209)
                      (<0.0>,210)
                      (<0.0>,213)
                      (<0.0>,214)
                      (<0.0>,217)
                      (<0.0>,219)
                                            (<0.0/10>,10) UPDATE
                      (<0.0>,222)
                      (<0.0>,223)
                      (<0.0>,226)
                      (<0.0>,227)
                      (<0.0>,230)
                      (<0.0>,232)
                                            (<0.0/10>,11) UPDATE
                      (<0.0>,235)
                      (<0.0>,236)
                      (<0.0>,239)
                      (<0.0>,240)
                      (<0.0>,243)
                      (<0.0>,245)
                                            (<0.0/10>,12) UPDATE
                      (<0.0>,248)
                      (<0.0>,249)
                      (<0.0>,252)
                      (<0.0>,253)
                      (<0.0>,256)
                      (<0.0>,258)
                                            (<0.0/10>,13) UPDATE
                      (<0.0>,261)
                      (<0.0>,262)
                      (<0.0>,265)
                      (<0.0>,266)
                      (<0.0>,269)
                      (<0.0>,271)
                                            (<0.0/10>,14) UPDATE
                      (<0.0>,274)
                      (<0.0>,275)
                      (<0.0>,278)
                      (<0.0>,279)
                      (<0.0>,282)
                      (<0.0>,284)
                                            (<0.0/10>,15) UPDATE
                      (<0.0>,287)
                      (<0.0>,288)
                      (<0.0>,291)
                      (<0.0>,292)
                      (<0.0>,295)
                      (<0.0>,297)
                                            (<0.0/10>,16) UPDATE
                      (<0.0>,300)
                      (<0.0>,301)
                      (<0.0>,304)
                      (<0.0>,305)
                      (<0.0>,308)
                      (<0.0>,310)
                                            (<0.0/10>,17) UPDATE
                      (<0.0>,313)
                      (<0.0>,314)
                      (<0.0>,317)
                      (<0.0>,318)
                      (<0.0>,321)
                      (<0.0>,323)
                                            (<0.0/10>,18) UPDATE
                      (<0.0>,326)
                      (<0.0>,327)
                      (<0.0>,330)
                      (<0.0>,331)
                      (<0.0>,334)
                      (<0.0>,336)
                                            (<0.0/10>,19) UPDATE
                      (<0.0>,339)
                      (<0.0>,340)
                                                                  (<0.1>,1)
                                                                    (<0.1/0>,1) UPDATE
                                                                  (<0.1>,4)
                                                                      (<0.1/1>,1) UPDATE
                                                                  (<0.1>,5)
                                                                  (<0.1>,6)
                                                                  (<0.1>,9)
                                                                  (<0.1>,10)
                                                                        (<0.1/2>,1) UPDATE
                                                                  (<0.1>,17)
                                                                  (<0.1>,19)
                                                                  (<0.1>,21)
                                                                  (<0.1>,24)
                                                                          (<0.1/3>,1) UPDATE
                                                                  (<0.1>,26)
                                                                  (<0.1>,28)
                                                                            (<0.1/4>,1) UPDATE
                                                                  (<0.1>,31)
                                                                  (<0.1>,33)
                                                                  (<0.1>,36)
                                                                  (<0.1>,38)
                                                                              (<0.1/5>,1) UPDATE
                                                                  (<0.1>,41)
                                                                  (<0.1>,42)
                                                                  (<0.1>,47)
                                                                  (<0.1>,50)
                                                                                (<0.1/6>,1) UPDATE
                                                                  (<0.1>,54)
                                                                                  (<0.1/7>,1) UPDATE
                                                                  (<0.1>,55)
                                                                  (<0.1>,56)
                                                                  (<0.1>,57)
                                                                  (<0.1>,58)
                                                                      (<0.1/1>,2) UPDATE
                                                                  (<0.1>,61)
                                                                  (<0.1>,62)
                                                                  (<0.1>,65)
                                                                  (<0.1>,66)
                                                                  (<0.1>,69)
                      (<0.0>,343)
                      (<0.0>,344)
                          (<0.0/1>,3) UPDATE
                      (<0.0>,348)
                                                          (<0.0/17>,1) UPDATE
                      (<0.0>,353)
                                                            (<0.0/18>,1) UPDATE
                      (<0.0>,354)
                      (<0.0>,355)
                      (<0.0>,357)
                      (<0.0>,359)
                                                              (<0.0/19>,1) UPDATE
                      (<0.0>,363)
                      (<0.0>,365)
                                  (<0.0/5>,3) UPDATE
                      (<0.0>,368)
                      (<0.0>,370)
                      (<0.0>,373)
                      (<0.0>,375)
                                    (<0.0/6>,3) UPDATE
                      (<0.0>,378)
                      (<0.0>,380)
                      (<0.0>,381)
                                                                (<0.0/20>,1) UPDATE
                      (<0.0>,386)
                                                      (<0.0/15>,2) UPDATE
                      (<0.0>,387)
                                 queue is empty
queue is empty
queue is empty
