Trace count: 3

 Error detected:
  (<0>,1)
    (<0/0>,1) UPDATE
  (<0>,8)
      (<0/1>,1) UPDATE
  (<0>,9)
        (<0/2>,1) UPDATE
  (<0>,10)
  (<0>,11)
          (<0/3>,1) UPDATE
  (<0>,16)
  (<0>,17)
            (<0/4>,1) UPDATE
  (<0>,22)
  (<0>,23)
              (<0.0>,1)
                (<0.0/0>,1) UPDATE
              (<0.0>,4)
                      (<0.1>,1)
              (<0.0>,5)
                    (<0.0/2>,1) UPDATE
              (<0.0>,6)
                      (<0.1>,2)
                        (<0.1/0>,1) UPDATE
                      (<0.1>,5)
                          (<0.1/1>,1) UPDATE
                      (<0.1>,6)
                      (<0.1>,7)
                  (<0.0/1>,1) UPDATE
  (<0>,24)
  (<0>,26)
                      (<0.1>,8)
                            (<0.1/2>,1) UPDATE
                      (<0.1>,9)
                              (<0.1/3>,1) UPDATE
                      (<0.1>,13)
                      (<0.1>,14)
  (<0>,27)
  (<0>,28)
  (<0>,31)
           Error: Assertion violation at (<0>,34): (! ((y==2) && (a==1)))
