Trace count: 48
Sleepset-blocked trace count: 4

 Error detected:
  (<0>,1)
    (<0/0>,1) UPDATE
  (<0>,9)
      (<0/1>,1) UPDATE
  (<0>,10)
  (<0>,11)
        (<0/2>,1) UPDATE
  (<0>,16)
  (<0>,17)
          (<0/3>,1) UPDATE
  (<0>,22)
  (<0>,23)
            (<0/4>,1) UPDATE
  (<0>,28)
  (<0>,29)
              (<0/5>,1) UPDATE
  (<0>,34)
  (<0>,35)
                (<0.0>,1)
                  (<0.0/0>,1) UPDATE
                (<0.0>,4)
                        (<0.1>,1)
                (<0.0>,5)
                      (<0.0/2>,1) UPDATE
                (<0.0>,6)
                        (<0.1>,2)
                          (<0.1/0>,1) UPDATE
                        (<0.1>,4)
                                          (<0.3>,1)
                        (<0.1>,5)
                              (<0.1/2>,1) UPDATE
                                (<0.2>,1)
                        (<0.1>,6)
                                (<0.2>,2)
                                  (<0.2/0>,1) UPDATE
                                (<0.2>,6)
                    (<0.0/1>,1) UPDATE
  (<0>,36)
  (<0>,38)
                                (<0.2>,7)
                                    (<0.2/1>,1) UPDATE
                                (<0.2>,8)
                                      (<0.2/2>,1) UPDATE
                                (<0.2>,10)
                                (<0.2>,13)
                                        (<0.2/3>,1) UPDATE
                                (<0.2>,17)
                                (<0.2>,18)
                                          (<0.3>,2)
                                            (<0.3/0>,1) UPDATE
                                          (<0.3>,6)
                            (<0.1/1>,1) UPDATE
  (<0>,39)
  (<0>,41)
  (<0>,44)
                                          (<0.3>,7)
                                              (<0.3/1>,1) UPDATE
                                          (<0.3>,8)
                                                (<0.3/2>,1) UPDATE
                                          (<0.3>,10)
                                          (<0.3>,13)
                                                  (<0.3/3>,1) UPDATE
                                          (<0.3>,17)
                                          (<0.3>,18)
  (<0>,45)
  (<0>,46)
  (<0>,49)
           Error: Assertion violation at (<0>,52): (!(a==1 && b == 1))
