Trace count: 1

 Error detected:
  (<0>,1)
    (<0/0>,1) UPDATE
  (<0>,5)
  (<0>,6)
      (<0/1>,1) UPDATE
  (<0>,8)
        (<0/2>,1) UPDATE
  (<0>,9)
  (<0>,11)
          (<0.0>,1)
            (<0.0/0>,1) UPDATE
          (<0.0>,3)
          (<0.0>,4)
              (<0.0/1>,1) UPDATE
          (<0.0>,7)
          (<0.0>,8)
          (<0.0>,9)
                (<0.0/2>,1) UPDATE
          (<0.0>,12)
  (<0>,12)
  (<0>,13)
                  (<0.1>,1)
                    (<0.1/0>,1) UPDATE
                  (<0.1>,3)
                  (<0.1>,4)
                      (<0.1/1>,1) UPDATE
                  (<0.1>,7)
                  (<0.1>,8)
                  (<0.1>,9)
                        (<0.1/2>,1) UPDATE
                  (<0.1>,12)
  (<0>,14)
  (<0>,15)
  (<0>,18)
           Error: Assertion violation at (<0>,21): (1==2)
