Trace count: 11

 Error detected:
  (<0>,1)
    (<0/0>,1) UPDATE
  (<0>,9)
      (<0/1>,1) UPDATE
  (<0>,10)
        (<0/2>,1) UPDATE
  (<0>,11)
  (<0>,12)
          (<0/3>,1) UPDATE
  (<0>,17)
  (<0>,18)
            (<0/4>,1) UPDATE
  (<0>,23)
  (<0>,24)
              (<0/5>,1) UPDATE
  (<0>,29)
  (<0>,30)
                (<0.0>,1)
                  (<0.0/0>,1) UPDATE
                (<0.0>,4)
                      (<0.1>,1)
                (<0.0>,5)
                      (<0.1>,2)
                        (<0.1/0>,1) UPDATE
                                (<0.2>,1)
                                  (<0.2/0>,1) UPDATE
                                (<0.2>,4)
                                (<0.2>,5)
                                      (<0.2/2>,1) UPDATE
                    (<0.0/1>,1) UPDATE
  (<0>,31)
  (<0>,33)
                      (<0.1>,5)
                          (<0.1/1>,1) UPDATE
                      (<0.1>,7)
                            (<0.1/2>,1) UPDATE
                                    (<0.2/1>,1) UPDATE
                      (<0.1>,9)
                              (<0.1/3>,1) UPDATE
                      (<0.1>,13)
                      (<0.1>,14)
  (<0>,34)
  (<0>,36)
                                (<0.2>,6)
  (<0>,37)
  (<0>,38)
  (<0>,41)
  (<0>,44)
           Error: Assertion violation at (<0>,47): (! ((x==2) && (y==2) && (a==1)))
